# JRE version: OpenJDK Runtime Environment JBR-17.0.9+7-1087.11-jcef (17.0.9+7) (build 17.0.9+7-b1087.11)
# Java VM: OpenJDK 64-Bit Server VM JBR-17.0.9+7-1087.11-jcef (17.0.9+7-b1087.11, mixed mode, tiered, compressed oops, compressed class ptrs, g1 gc, windows-amd64)
GC Precious Log:
 CPUs: 8 total, 8 available
 Memory: 16192M
 Large Page Support: Disabled
 NUMA Support: Disabled
 Compressed Oops: Enabled (Zero based)
 Heap Region Size: 2M
 Heap Min Capacity: 8M
 Heap Initial Capacity: 254M
 Heap Max Capacity: 4050M
 Pre-touch: Disabled
 Parallel Workers: 8
 Concurrent Workers: 2
 Concurrent Refinement Workers: 8
 Periodic GC: Disabled
Heap:
 garbage-first heap   total 186368K, used 86336K [0x0000000702e00000, 0x0000000800000000)
  region size 2048K, 16 young (32768K), 1 survivors (2048K)
 Metaspace       used 43027K, committed 43456K, reserved 1114112K
  class space    used 4796K, committed 4992K, reserved 1048576K
GC Heap History (20 events):
Event: 26.569 GC heap before
{Heap before GC invocations=18 (full 0):
 garbage-first heap   total 96256K, used 67760K [0x0000000702e00000, 0x0000000800000000)
  region size 2048K, 16 young (32768K), 3 survivors (6144K)
 Metaspace       used 36437K, committed 36800K, reserved 1114112K
  class space    used 4062K, committed 4224K, reserved 1048576K
}
Event: 26.581 GC heap after
{Heap after GC invocations=19 (full 0):
 garbage-first heap   total 96256K, used 47032K [0x0000000702e00000, 0x0000000800000000)
  region size 2048K, 2 young (4096K), 2 survivors (4096K)
 Metaspace       used 36437K, committed 36800K, reserved 1114112K
  class space    used 4062K, committed 4224K, reserved 1048576K
}
Event: 27.386 GC heap before
{Heap before GC invocations=19 (full 0):
 garbage-first heap   total 96256K, used 71608K [0x0000000702e00000, 0x0000000800000000)
  region size 2048K, 14 young (28672K), 2 survivors (4096K)
 Metaspace       used 37636K, committed 37952K, reserved 1114112K
  class space    used 4208K, committed 4352K, reserved 1048576K
}
Event: 27.396 GC heap after
{Heap after GC invocations=20 (full 0):
 garbage-first heap   total 96256K, used 48252K [0x0000000702e00000, 0x0000000800000000)
  region size 2048K, 1 young (2048K), 1 survivors (2048K)
 Metaspace       used 37636K, committed 37952K, reserved 1114112K
  class space    used 4208K, committed 4352K, reserved 1048576K
}
Event: 27.991 GC heap before
{Heap before GC invocations=20 (full 0):
 garbage-first heap   total 96256K, used 70780K [0x0000000702e00000, 0x0000000800000000)
  region size 2048K, 12 young (24576K), 1 survivors (2048K)
 Metaspace       used 38599K, committed 38912K, reserved 1114112K
  class space    used 4314K, committed 4480K, reserved 1048576K
}
Event: 27.997 GC heap after
{Heap after GC invocations=21 (full 0):
 garbage-first heap   total 116736K, used 48788K [0x0000000702e00000, 0x0000000800000000)
  region size 2048K, 1 young (2048K), 1 survivors (2048K)
 Metaspace       used 38599K, committed 38912K, reserved 1114112K
  class space    used 4314K, committed 4480K, reserved 1048576K
}
Event: 31.695 GC heap before
{Heap before GC invocations=22 (full 0):
 garbage-first heap   total 116736K, used 87700K [0x0000000702e00000, 0x0000000800000000)
  region size 2048K, 20 young (40960K), 1 survivors (2048K)
 Metaspace       used 39980K, committed 40256K, reserved 1114112K
  class space    used 4485K, committed 4608K, reserved 1048576K
}
Event: 31.709 GC heap after
{Heap after GC invocations=23 (full 0):
 garbage-first heap   total 116736K, used 56824K [0x0000000702e00000, 0x0000000800000000)
  region size 2048K, 3 young (6144K), 3 survivors (6144K)
 Metaspace       used 39980K, committed 40256K, reserved 1114112K
  class space    used 4485K, committed 4608K, reserved 1048576K
}
Event: 32.221 GC heap before
{Heap before GC invocations=23 (full 0):
 garbage-first heap   total 116736K, used 89592K [0x0000000702e00000, 0x0000000800000000)
  region size 2048K, 19 young (38912K), 3 survivors (6144K)
 Metaspace       used 40026K, committed 40320K, reserved 1114112K
  class space    used 4485K, committed 4608K, reserved 1048576K
}
Event: 32.241 GC heap after
{Heap after GC invocations=24 (full 0):
 garbage-first heap   total 116736K, used 70952K [0x0000000702e00000, 0x0000000800000000)
  region size 2048K, 3 young (6144K), 3 survivors (6144K)
 Metaspace       used 40026K, committed 40320K, reserved 1114112K
  class space    used 4485K, committed 4608K, reserved 1048576K
}
Event: 32.746 GC heap before
{Heap before GC invocations=24 (full 0):
 garbage-first heap   total 116736K, used 89384K [0x0000000702e00000, 0x0000000800000000)
  region size 2048K, 12 young (24576K), 3 survivors (6144K)
 Metaspace       used 40032K, committed 40320K, reserved 1114112K
  class space    used 4485K, committed 4608K, reserved 1048576K
}
Event: 32.760 GC heap after
{Heap after GC invocations=25 (full 0):
 garbage-first heap   total 116736K, used 75776K [0x0000000702e00000, 0x0000000800000000)
  region size 2048K, 2 young (4096K), 2 survivors (4096K)
 Metaspace       used 40032K, committed 40320K, reserved 1114112K
  class space    used 4485K, committed 4608K, reserved 1048576K
}
Event: 33.394 GC heap before
{Heap before GC invocations=26 (full 0):
 garbage-first heap   total 131072K, used 86016K [0x0000000702e00000, 0x0000000800000000)
  region size 2048K, 9 young (18432K), 2 survivors (4096K)
 Metaspace       used 38775K, committed 39104K, reserved 1114112K
  class space    used 4313K, committed 4480K, reserved 1048576K
}
Event: 33.401 GC heap after
{Heap after GC invocations=27 (full 0):
 garbage-first heap   total 131072K, used 75473K [0x0000000702e00000, 0x0000000800000000)
  region size 2048K, 1 young (2048K), 1 survivors (2048K)
 Metaspace       used 38775K, committed 39104K, reserved 1114112K
  class space    used 4313K, committed 4480K, reserved 1048576K
}
Event: 33.478 GC heap before
{Heap before GC invocations=27 (full 0):
 garbage-first heap   total 131072K, used 79569K [0x0000000702e00000, 0x0000000800000000)
  region size 2048K, 3 young (6144K), 1 survivors (2048K)
 Metaspace       used 38864K, committed 39168K, reserved 1114112K
  class space    used 4343K, committed 4480K, reserved 1048576K
}
Event: 33.486 GC heap after
{Heap after GC invocations=28 (full 0):
 garbage-first heap   total 131072K, used 63045K [0x0000000702e00000, 0x0000000800000000)
  region size 2048K, 1 young (2048K), 1 survivors (2048K)
 Metaspace       used 38864K, committed 39168K, reserved 1114112K
  class space    used 4343K, committed 4480K, reserved 1048576K
}
Event: 33.720 GC heap before
{Heap before GC invocations=28 (full 0):
 garbage-first heap   total 131072K, used 67141K [0x0000000702e00000, 0x0000000800000000)
  region size 2048K, 3 young (6144K), 1 survivors (2048K)
 Metaspace       used 39062K, committed 39424K, reserved 1114112K
  class space    used 4364K, committed 4544K, reserved 1048576K
}
Event: 33.727 GC heap after
{Heap after GC invocations=29 (full 0):
 garbage-first heap   total 131072K, used 60792K [0x0000000702e00000, 0x0000000800000000)
  region size 2048K, 1 young (2048K), 1 survivors (2048K)
 Metaspace       used 39062K, committed 39424K, reserved 1114112K
  class space    used 4364K, committed 4544K, reserved 1048576K
}
Event: 35.286 GC heap before
{Heap before GC invocations=29 (full 0):
 garbage-first heap   total 131072K, used 91512K [0x0000000702e00000, 0x0000000800000000)
  region size 2048K, 16 young (32768K), 1 survivors (2048K)
 Metaspace       used 39821K, committed 40192K, reserved 1114112K
  class space    used 4442K, committed 4608K, reserved 1048576K
}
Event: 35.291 GC heap after
{Heap after GC invocations=30 (full 0):
 garbage-first heap   total 186368K, used 61760K [0x0000000702e00000, 0x0000000800000000)
  region size 2048K, 1 young (2048K), 1 survivors (2048K)
 Metaspace       used 39821K, committed 40192K, reserved 1114112K
  class space    used 4442K, committed 4608K, reserved 1048576K
}

